{"total": {"lines":{"total":360,"covered":124,"skipped":0,"pct":34.44},"statements":{"total":360,"covered":124,"skipped":0,"pct":34.44},"functions":{"total":28,"covered":11,"skipped":0,"pct":39.28},"branches":{"total":29,"covered":21,"skipped":0,"pct":72.41},"branchesTrue":{"total":0,"covered":0,"skipped":0,"pct":100}}
,"D:\\project\\WIPRO_SCRAP\\v1\\frontend\\src\\App.jsx": {"lines":{"total":16,"covered":0,"skipped":0,"pct":0},"functions":{"total":1,"covered":0,"skipped":0,"pct":0},"statements":{"total":16,"covered":0,"skipped":0,"pct":0},"branches":{"total":1,"covered":0,"skipped":0,"pct":0}}
,"D:\\project\\WIPRO_SCRAP\\v1\\frontend\\src\\api\\client.js": {"lines":{"total":56,"covered":31,"skipped":0,"pct":55.35},"functions":{"total":14,"covered":4,"skipped":0,"pct":28.57},"statements":{"total":56,"covered":31,"skipped":0,"pct":55.35},"branches":{"total":4,"covered":4,"skipped":0,"pct":100}}
,"D:\\project\\WIPRO_SCRAP\\v1\\frontend\\src\\components\\StatsPanel.jsx": {"lines":{"total":22,"covered":22,"skipped":0,"pct":100},"functions":{"total":1,"covered":1,"skipped":0,"pct":100},"statements":{"total":22,"covered":22,"skipped":0,"pct":100},"branches":{"total":3,"covered":3,"skipped":0,"pct":100}}
,"D:\\project\\WIPRO_SCRAP\\v1\\frontend\\src\\components\\TaskForm.jsx": {"lines":{"total":42,"covered":40,"skipped":0,"pct":95.23},"functions":{"total":5,"covered":4,"skipped":0,"pct":80},"statements":{"total":42,"covered":40,"skipped":0,"pct":95.23},"branches":{"total":10,"covered":7,"skipped":0,"pct":70}}
,"D:\\project\\WIPRO_SCRAP\\v1\\frontend\\src\\components\\TaskList.jsx": {"lines":{"total":31,"covered":31,"skipped":0,"pct":100},"functions":{"total":3,"covered":2,"skipped":0,"pct":66.66},"statements":{"total":31,"covered":31,"skipped":0,"pct":100},"branches":{"total":7,"covered":7,"skipped":0,"pct":100}}
,"D:\\project\\WIPRO_SCRAP\\v1\\frontend\\src\\context\\AuthContext.jsx": {"lines":{"total":40,"covered":0,"skipped":0,"pct":0},"functions":{"total":1,"covered":0,"skipped":0,"pct":0},"statements":{"total":40,"covered":0,"skipped":0,"pct":0},"branches":{"total":1,"covered":0,"skipped":0,"pct":0}}
,"D:\\project\\WIPRO_SCRAP\\v1\\frontend\\src\\pages\\DashboardPage.jsx": {"lines":{"total":76,"covered":0,"skipped":0,"pct":0},"functions":{"total":1,"covered":0,"skipped":0,"pct":0},"statements":{"total":76,"covered":0,"skipped":0,"pct":0},"branches":{"total":1,"covered":0,"skipped":0,"pct":0}}
,"D:\\project\\WIPRO_SCRAP\\v1\\frontend\\src\\pages\\LoginPage.jsx": {"lines":{"total":37,"covered":0,"skipped":0,"pct":0},"functions":{"total":1,"covered":0,"skipped":0,"pct":0},"statements":{"total":37,"covered":0,"skipped":0,"pct":0},"branches":{"total":1,"covered":0,"skipped":0,"pct":0}}
,"D:\\project\\WIPRO_SCRAP\\v1\\frontend\\src\\pages\\RegisterPage.jsx": {"lines":{"total":40,"covered":0,"skipped":0,"pct":0},"functions":{"total":1,"covered":0,"skipped":0,"pct":0},"statements":{"total":40,"covered":0,"skipped":0,"pct":0},"branches":{"total":1,"covered":0,"skipped":0,"pct":0}}
}
